<?xml version="1.0" encoding="UTF-8"?>
<!-- Generated by org.testng.reporters.JUnitReportReporter -->
<testsuite name="sauselabs.GamilLogin" tests="2" time="34.322" ignored="0" failures="0" timestamp="20 May 2017 01:24:18 GMT" skipped="0" hostname="Balaji-PC" errors="0">
  <testcase name="login" time="14.015" classname="sauselabs.GamilLogin"/>
  <testcase name="login" time="20.307" classname="sauselabs.GamilLogin"/>
</testsuite> <!-- sauselabs.GamilLogin -->
