<?xml version="1.0" encoding="UTF-8"?>
<!-- Generated by org.testng.reporters.JUnitReportReporter -->
<testsuite name="sauselabs.GamilLogin" tests="2" time="31.505" ignored="0" failures="0" timestamp="19 May 2017 07:58:59 GMT" skipped="0" hostname="Balaji-PC" errors="0">
  <testcase name="login" time="14.393" classname="sauselabs.GamilLogin"/>
  <testcase name="login" time="17.112" classname="sauselabs.GamilLogin"/>
</testsuite> <!-- sauselabs.GamilLogin -->
